[2021-07-17T15:05:53.598] [ERROR] cheese - Cheese is too ripe!
[2021-07-17T15:05:53.600] [FATAL] cheese - Cheese was breeding ground for listeria.
[2021-07-17T15:05:54.460] [ERROR] cheese - Cheese is too ripe!
[2021-07-17T15:05:54.461] [FATAL] cheese - Cheese was breeding ground for listeria.
[2021-07-17T15:07:19.122] [ERROR] cheese - Cheese is too ripe!
[2021-07-17T15:07:19.123] [FATAL] cheese - Cheese was breeding ground for listeria.
[2021-07-17T15:11:10.970] [ERROR] globalError - Cheese is too ripe!
[2021-07-17T15:11:10.971] [FATAL] globalError - Cheese was breeding ground for listeria.
[2021-07-17T15:12:50.797] [ERROR] globalError - Cheese is too ripe!
[2021-07-17T15:12:50.799] [FATAL] globalError - Cheese was breeding ground for listeria.
[2021-07-17T15:13:42.543] [ERROR] globalError - Cheese is too ripe!
[2021-07-17T15:13:42.544] [FATAL] globalError - Cheese was breeding ground for listeria.
[2021-07-17T15:13:59.888] [ERROR] globalError - cuole
[2021-07-17T15:14:20.059] [ERROR] globalError - Cheese is too ripe!
[2021-07-17T15:14:20.060] [FATAL] globalError - Cheese was breeding ground for listeria.
[2021-07-17T15:14:22.011] [ERROR] globalError - 出现错误
[2021-07-17T15:14:28.468] [ERROR] globalError - Cheese is too ripe!
[2021-07-17T15:14:28.469] [FATAL] globalError - Cheese was breeding ground for listeria.
[2021-07-17T15:15:07.402] [ERROR] globalError - Cheese is too ripe!
[2021-07-17T15:15:07.403] [FATAL] globalError - Cheese was breeding ground for listeria.
[2021-07-17T15:15:09.842] [ERROR] globalError - Cheese is too ripe!
[2021-07-17T15:15:09.843] [FATAL] globalError - Cheese was breeding ground for listeria.
[2021-07-17T15:53:16.590] [ERROR] globalError - Cheese is too ripe!
[2021-07-17T15:53:16.592] [FATAL] globalError - Cheese was breeding ground for listeria.
[2021-07-17T15:56:08.370] [ERROR] globalError - Cheese is too ripe!
[2021-07-17T15:56:08.372] [FATAL] globalError - Cheese was breeding ground for listeria.
[2021-07-17T15:56:08.871] [ERROR] globalError - Cheese is too ripe!
[2021-07-17T15:56:08.872] [FATAL] globalError - Cheese was breeding ground for listeria.
[2021-07-17T15:56:19.614] [ERROR] globalError - Cheese is too ripe!
[2021-07-17T15:56:19.615] [FATAL] globalError - Cheese was breeding ground for listeria.
[2021-07-17T15:56:28.248] [ERROR] globalError - Cheese is too ripe!
[2021-07-17T15:56:28.249] [FATAL] globalError - Cheese was breeding ground for listeria.
[2021-07-17T15:56:30.060] [ERROR] globalError - Cheese is too ripe!
[2021-07-17T15:56:30.061] [FATAL] globalError - Cheese was breeding ground for listeria.
[2021-07-17T15:56:34.570] [ERROR] globalError - Cheese is too ripe!
[2021-07-17T15:56:34.571] [FATAL] globalError - Cheese was breeding ground for listeria.
[2021-07-17T15:56:36.387] [ERROR] globalError - Cheese is too ripe!
[2021-07-17T15:56:36.388] [FATAL] globalError - Cheese was breeding ground for listeria.
[2021-07-17T15:56:42.247] [ERROR] globalError - Cheese is too ripe!
[2021-07-17T15:56:42.248] [FATAL] globalError - Cheese was breeding ground for listeria.
[2021-07-17T15:56:43.526] [ERROR] globalError - Cheese is too ripe!
[2021-07-17T15:56:43.528] [FATAL] globalError - Cheese was breeding ground for listeria.
[2021-07-17T15:56:56.101] [ERROR] globalError - Cheese is too ripe!
[2021-07-17T15:56:56.102] [FATAL] globalError - Cheese was breeding ground for listeria.
[2021-07-17T15:57:05.650] [ERROR] globalError - Cheese is too ripe!
[2021-07-17T15:57:05.651] [FATAL] globalError - Cheese was breeding ground for listeria.
[2021-07-17T15:57:15.336] [ERROR] globalError - Cheese is too ripe!
[2021-07-17T15:57:15.337] [FATAL] globalError - Cheese was breeding ground for listeria.
[2021-07-18T13:20:04.584] [ERROR] globalError - Cheese is too ripe!
[2021-07-18T13:20:04.585] [FATAL] globalError - Cheese was breeding ground for listeria.
[2021-07-18T13:20:45.379] [ERROR] globalError - Cheese is too ripe!
[2021-07-18T13:20:45.380] [FATAL] globalError - Cheese was breeding ground for listeria.
[2021-07-18T13:20:48.549] [ERROR] globalError - Cheese is too ripe!
[2021-07-18T13:20:48.551] [FATAL] globalError - Cheese was breeding ground for listeria.
[2021-07-18T13:20:54.101] [ERROR] globalError - Cheese is too ripe!
[2021-07-18T13:20:54.102] [FATAL] globalError - Cheese was breeding ground for listeria.
[2021-07-18T13:20:57.610] [ERROR] globalError - Cheese is too ripe!
[2021-07-18T13:20:57.611] [FATAL] globalError - Cheese was breeding ground for listeria.
[2021-07-18T13:20:58.806] [ERROR] globalError - Cheese is too ripe!
[2021-07-18T13:20:58.807] [FATAL] globalError - Cheese was breeding ground for listeria.
[2021-07-18T13:29:05.656] [ERROR] globalError - Cheese is too ripe!
[2021-07-18T13:29:05.657] [FATAL] globalError - Cheese was breeding ground for listeria.
[2021-07-18T13:37:18.873] [ERROR] globalError - Cheese is too ripe!
[2021-07-18T13:37:18.874] [FATAL] globalError - Cheese was breeding ground for listeria.
[2021-07-18T13:37:47.397] [ERROR] globalError - Cheese is too ripe!
[2021-07-18T13:37:47.399] [FATAL] globalError - Cheese was breeding ground for listeria.
[2021-07-18T13:38:24.449] [ERROR] globalError - Cheese is too ripe!
[2021-07-18T13:38:24.450] [FATAL] globalError - Cheese was breeding ground for listeria.
[2021-07-18T13:40:17.309] [ERROR] globalError - Cheese is too ripe!
[2021-07-18T13:40:17.310] [FATAL] globalError - Cheese was breeding ground for listeria.
[2021-07-18T13:41:08.341] [ERROR] globalError - Cheese is too ripe!
[2021-07-18T13:41:08.342] [FATAL] globalError - Cheese was breeding ground for listeria.
[2021-07-18T13:41:13.864] [ERROR] globalError - Cheese is too ripe!
[2021-07-18T13:41:13.865] [FATAL] globalError - Cheese was breeding ground for listeria.
[2021-07-18T13:42:30.664] [ERROR] globalError - Cheese is too ripe!
[2021-07-18T13:42:30.665] [FATAL] globalError - Cheese was breeding ground for listeria.
[2021-07-18T13:42:31.073] [ERROR] globalError - Cheese is too ripe!
[2021-07-18T13:42:31.074] [FATAL] globalError - Cheese was breeding ground for listeria.
[2021-07-18T13:42:33.192] [ERROR] globalError - Cheese is too ripe!
[2021-07-18T13:42:33.193] [FATAL] globalError - Cheese was breeding ground for listeria.
[2021-07-18T13:42:43.840] [ERROR] globalError - Cheese is too ripe!
[2021-07-18T13:42:43.841] [FATAL] globalError - Cheese was breeding ground for listeria.
[2021-07-18T13:42:59.106] [ERROR] globalError - Cheese is too ripe!
[2021-07-18T13:42:59.107] [FATAL] globalError - Cheese was breeding ground for listeria.
[2021-07-18T13:43:04.845] [ERROR] globalError - Cheese is too ripe!
[2021-07-18T13:43:04.846] [FATAL] globalError - Cheese was breeding ground for listeria.
[2021-07-18T13:43:45.473] [ERROR] globalError - Cheese is too ripe!
[2021-07-18T13:43:45.474] [FATAL] globalError - Cheese was breeding ground for listeria.
[2021-07-18T13:46:18.925] [ERROR] globalError - Cheese is too ripe!
[2021-07-18T13:46:18.926] [FATAL] globalError - Cheese was breeding ground for listeria.
[2021-07-18T13:47:30.839] [ERROR] globalError - Cheese is too ripe!
[2021-07-18T13:47:30.840] [FATAL] globalError - Cheese was breeding ground for listeria.
[2021-07-18T13:47:33.666] [ERROR] globalError - Cheese is too ripe!
[2021-07-18T13:47:33.668] [FATAL] globalError - Cheese was breeding ground for listeria.
[2021-07-18T13:47:34.423] [ERROR] globalError - Cheese is too ripe!
[2021-07-18T13:47:34.424] [FATAL] globalError - Cheese was breeding ground for listeria.
[2021-07-18T13:47:40.183] [ERROR] globalError - Cheese is too ripe!
[2021-07-18T13:47:40.184] [FATAL] globalError - Cheese was breeding ground for listeria.
[2021-07-18T13:48:29.940] [ERROR] globalError - Cheese is too ripe!
[2021-07-18T13:48:29.941] [FATAL] globalError - Cheese was breeding ground for listeria.
[2021-07-18T13:48:52.231] [ERROR] globalError - Cheese is too ripe!
[2021-07-18T13:48:52.232] [FATAL] globalError - Cheese was breeding ground for listeria.
[2021-07-18T13:48:58.418] [ERROR] globalError - Cheese is too ripe!
[2021-07-18T13:48:58.419] [FATAL] globalError - Cheese was breeding ground for listeria.
[2021-07-18T13:49:48.485] [ERROR] globalError - Cheese is too ripe!
[2021-07-18T13:49:48.486] [FATAL] globalError - Cheese was breeding ground for listeria.
[2021-07-18T13:49:59.727] [ERROR] globalError - Cheese is too ripe!
[2021-07-18T13:49:59.728] [FATAL] globalError - Cheese was breeding ground for listeria.
[2021-07-18T13:50:00.574] [ERROR] globalError - Cheese is too ripe!
[2021-07-18T13:50:00.575] [FATAL] globalError - Cheese was breeding ground for listeria.
[2021-07-18T13:50:21.743] [ERROR] globalError - Cheese is too ripe!
[2021-07-18T13:50:21.744] [FATAL] globalError - Cheese was breeding ground for listeria.
[2021-07-18T13:50:38.871] [ERROR] globalError - Cheese is too ripe!
[2021-07-18T13:50:38.873] [FATAL] globalError - Cheese was breeding ground for listeria.
[2021-07-18T13:51:40.572] [ERROR] globalError - Unexpected end of tag "" on line 12 in file /Users/blood/Desktop/my-bff/views/books/booksList.html.
[2021-07-18T13:53:40.138] [ERROR] globalError - Cheese is too ripe!
[2021-07-18T13:53:40.139] [FATAL] globalError - Cheese was breeding ground for listeria.
[2021-07-18T13:53:43.102] [ERROR] globalError - Cheese is too ripe!
[2021-07-18T13:53:43.103] [FATAL] globalError - Cheese was breeding ground for listeria.
[2021-07-18T13:53:54.441] [ERROR] globalError - Cheese is too ripe!
[2021-07-18T13:53:54.443] [FATAL] globalError - Cheese was breeding ground for listeria.
[2021-07-18T13:55:33.864] [ERROR] globalError - Cheese is too ripe!
[2021-07-18T13:55:33.865] [FATAL] globalError - Cheese was breeding ground for listeria.
[2021-07-18T13:56:07.273] [ERROR] globalError - Cheese is too ripe!
[2021-07-18T13:56:07.274] [FATAL] globalError - Cheese was breeding ground for listeria.
[2021-07-18T13:56:09.150] [ERROR] globalError - ENOENT: no such file or directory, open '/books/booksList.html'
[2021-07-18T13:56:13.434] [ERROR] globalError - Cheese is too ripe!
[2021-07-18T13:56:13.435] [FATAL] globalError - Cheese was breeding ground for listeria.
[2021-07-18T13:56:38.608] [ERROR] globalError - Cheese is too ripe!
[2021-07-18T13:56:38.609] [FATAL] globalError - Cheese was breeding ground for listeria.
[2021-07-18T13:57:14.195] [ERROR] globalError - Cheese is too ripe!
[2021-07-18T13:57:14.197] [FATAL] globalError - Cheese was breeding ground for listeria.
[2021-07-18T13:59:54.584] [ERROR] globalError - Cheese is too ripe!
[2021-07-18T13:59:54.585] [FATAL] globalError - Cheese was breeding ground for listeria.
[2021-07-19T15:12:17.216] [ERROR] globalError - Cheese is too ripe!
[2021-07-19T15:12:17.217] [FATAL] globalError - Cheese was breeding ground for listeria.
[2021-07-19T15:13:02.850] [ERROR] globalError - Unable to parse "data[0" on line 13 in file /Users/blood/Desktop/my-bff/views/books/booksList.html.
[2021-07-19T15:13:04.255] [ERROR] globalError - Unable to parse "data[0" on line 13 in file /Users/blood/Desktop/my-bff/views/books/booksList.html.
[2021-07-19T15:15:55.517] [ERROR] globalError - Cheese is too ripe!
[2021-07-19T15:15:55.518] [FATAL] globalError - Cheese was breeding ground for listeria.
[2021-07-19T15:15:58.373] [ERROR] globalError - Cheese is too ripe!
[2021-07-19T15:15:58.374] [FATAL] globalError - Cheese was breeding ground for listeria.
[2021-07-19T15:15:59.042] [ERROR] globalError - Cheese is too ripe!
[2021-07-19T15:15:59.043] [FATAL] globalError - Cheese was breeding ground for listeria.
